<testsuites disabled="0" errors="0" failures="0" tests="6" time="164.84255075454712"><testsuite disabled="0" errors="0" failures="0" name="Notebook Tests" skipped="0" tests="6" time="164.84255075454712"><testcase classname="kepler_ffi" name="Execution" time="23.918256" /><testcase classname="kepler_tpf" name="Execution" time="8.701473" /><testcase classname="kepler_dvt" name="Execution" time="4.340530" /><testcase classname="kepler_lightcurve" name="Execution" time="8.548286" /><testcase classname="HSC_TAP" name="Execution" time="61.674026" /><testcase classname="PS1_DR2_TAP" name="Execution" time="57.659980" /></testsuite></testsuites>